<?xml version="1.0" encoding="UTF-8"?>
<Site BuildName="Linux-c++"
	BuildStamp="20240201-1754-Experimental"
	Name="jndellxps"
	Generator="ctest-3.28.2"
	CompilerName="/usr/bin/c++"
	CompilerVersion="11.4.0"
	OSName="Linux"
	Hostname="jndellxps"
	OSRelease="6.5.0-1013-oem"
	OSVersion="#14-Ubuntu SMP PREEMPT_DYNAMIC Tue Jan 16 08:57:02 UTC 2024"
	OSPlatform="x86_64"
	Is64Bits="1"
	VendorString="GenuineIntel"
	VendorID="Intel Corporation"
	FamilyID="6"
	ModelID="154"
	ProcessorCacheSize="24576"
	NumberOfLogicalCPU="20"
	NumberOfPhysicalCPU="14"
	TotalVirtualMemory="42911"
	TotalPhysicalMemory="31757"
	LogicalProcessorsPerPhysical="1"
	ProcessorClockFrequency="4290.79"
	>
	<Testing>
		<StartDateTime>Feb 01 17:58 GMT</StartDateTime>
		<StartTestTime>1706810321</StartTestTime>
		<TestList/>
		<EndDateTime>Feb 01 17:58 GMT</EndDateTime>
		<EndTestTime>1706810321</EndTestTime>
		<ElapsedMinutes>0</ElapsedMinutes>
	</Testing>
</Site>
